TN:
SF:src\modules\appointments\services\CreateAppointimentService.ts
FN:39,__decorate
FN:39,__metadata
FN:39,__param
FN:39,__awaiter
FN:39,adopt
FN:39,fulfilled
FN:39,rejected
FN:39,step
FN:39,__generator
FN:39,sent
FN:39,g.<computed>
FN:39,verb
FN:39,step
FN:39,__importDefault
FN:14,CreateAppointimentService
FN:19,CreateAppointimentService.execute
FNF:16
FNH:14
FNDA:1,__decorate
FNDA:1,__metadata
FNDA:1,__param
FNDA:3,__awaiter
FNDA:5,adopt
FNDA:5,fulfilled
FNDA:0,rejected
FNDA:7,step
FNDA:3,__generator
FNDA:5,sent
FNDA:0,g.<computed>
FNDA:9,verb
FNDA:8,step
FNDA:1,__importDefault
FNDA:2,CreateAppointimentService
FNDA:3,CreateAppointimentService.execute
DA:1,1
DA:2,1
DA:3,1
DA:4,1
DA:5,1
DA:6,1
DA:7,1
DA:8,1
DA:9,1
DA:10,1
DA:11,1
DA:12,1
DA:13,1
DA:14,1
DA:15,2
DA:16,2
DA:17,2
DA:18,1
DA:19,1
DA:20,3
DA:21,3
DA:22,3
DA:23,3
DA:24,3
DA:25,3
DA:26,1
DA:27,1
DA:28,2
DA:29,2
DA:30,2
DA:31,2
DA:32,2
DA:33,2
DA:34,3
DA:35,3
DA:36,3
DA:37,1
DA:38,1
DA:39,1
LF:39
LH:39
BRDA:39,0,0,1
BRDA:39,1,0,1
BRDA:39,2,0,0
BRDA:39,3,0,0
BRDA:39,4,0,0
BRDA:39,5,0,0
BRDA:39,6,0,1
BRDA:39,7,0,1
BRDA:39,8,0,1
BRDA:39,9,0,3
BRDA:39,10,0,5
BRDA:39,11,0,0
BRDA:39,12,0,3
BRDA:39,13,0,5
BRDA:39,14,0,4
BRDA:39,15,0,1
BRDA:39,16,0,7
BRDA:39,17,0,2
BRDA:39,18,0,5
BRDA:39,19,0,3
BRDA:39,20,0,5
BRDA:39,21,0,0
BRDA:39,22,0,9
BRDA:39,23,0,8
BRDA:39,24,0,8
BRDA:39,25,0,0
BRDA:39,26,0,16
BRDA:39,27,0,0
BRDA:39,28,0,0
BRDA:39,29,0,0
BRDA:39,30,0,0
BRDA:39,31,0,8
BRDA:39,32,0,8
BRDA:39,33,0,5
BRDA:39,34,0,0
BRDA:39,35,0,0
BRDA:39,36,0,3
BRDA:39,37,0,0
BRDA:39,38,0,2
BRDA:39,39,0,0
BRDA:39,40,0,0
BRDA:39,41,0,0
BRDA:39,42,0,0
BRDA:39,43,0,8
BRDA:39,44,0,7
BRDA:39,45,0,1
BRDA:39,46,0,8
BRDA:39,47,0,3
BRDA:39,48,0,1
BRDA:39,49,0,2
BRDA:39,50,0,0
BRDA:39,51,0,1
BRDA:39,52,0,0
BRDA:13,53,0,1
BRDA:14,54,0,2
BRDA:19,55,0,3
BRDA:39,56,0,3
BRDA:39,57,0,8
BRDA:39,58,0,3
BRDA:39,59,0,3
BRDA:25,60,0,1
BRDA:27,61,0,2
BRDA:39,62,0,2
BRF:63
BRH:43
end_of_record
TN:
SF:src\modules\users\services\AuthenticateUserService.ts
FN:50,__decorate
FN:50,__metadata
FN:50,__param
FN:50,__awaiter
FN:50,adopt
FN:50,fulfilled
FN:50,rejected
FN:50,step
FN:50,__generator
FN:50,sent
FN:50,g.<computed>
FN:50,verb
FN:50,step
FN:50,__importDefault
FN:16,AuthenticateUserService
FN:24,AuthenticateUserService.execute
FNF:16
FNH:14
FNDA:1,__decorate
FNDA:1,__metadata
FNDA:2,__param
FNDA:3,__awaiter
FNDA:5,adopt
FNDA:5,fulfilled
FNDA:0,rejected
FNDA:6,step
FNDA:3,__generator
FNDA:5,sent
FNDA:0,g.<computed>
FNDA:9,verb
FNDA:8,step
FNDA:2,__importDefault
FNDA:3,AuthenticateUserService
FNDA:3,AuthenticateUserService.execute
DA:1,1
DA:2,1
DA:3,1
DA:4,1
DA:5,1
DA:6,1
DA:7,1
DA:8,1
DA:9,1
DA:10,1
DA:11,1
DA:12,1
DA:13,1
DA:14,1
DA:15,1
DA:16,1
DA:17,3
DA:18,3
DA:19,3
DA:20,3
DA:21,3
DA:22,3
DA:23,1
DA:24,1
DA:25,3
DA:26,3
DA:27,3
DA:28,3
DA:29,3
DA:30,3
DA:31,1
DA:32,1
DA:33,2
DA:34,2
DA:35,2
DA:36,2
DA:37,2
DA:38,3
DA:39,1
DA:40,1
DA:41,1
DA:42,1
DA:43,1
DA:44,1
DA:45,1
DA:46,1
DA:47,1
DA:48,3
DA:49,1
DA:50,1
LF:50
LH:50
BRDA:50,0,0,1
BRDA:50,1,0,1
BRDA:50,2,0,0
BRDA:50,3,0,0
BRDA:50,4,0,0
BRDA:50,5,0,0
BRDA:50,6,0,1
BRDA:50,7,0,2
BRDA:50,8,0,2
BRDA:50,9,0,3
BRDA:50,10,0,5
BRDA:50,11,0,0
BRDA:50,12,0,3
BRDA:50,13,0,5
BRDA:50,14,0,3
BRDA:50,15,0,2
BRDA:50,16,0,6
BRDA:50,17,0,1
BRDA:50,18,0,5
BRDA:50,19,0,3
BRDA:50,20,0,5
BRDA:50,21,0,0
BRDA:50,22,0,9
BRDA:50,23,0,8
BRDA:50,24,0,8
BRDA:50,25,0,0
BRDA:50,26,0,16
BRDA:50,27,0,0
BRDA:50,28,0,0
BRDA:50,29,0,0
BRDA:50,30,0,0
BRDA:50,31,0,8
BRDA:50,32,0,8
BRDA:50,33,0,5
BRDA:50,34,0,0
BRDA:50,35,0,0
BRDA:50,36,0,3
BRDA:50,37,0,0
BRDA:50,38,0,1
BRDA:50,39,0,0
BRDA:50,40,0,0
BRDA:50,41,0,0
BRDA:50,42,0,0
BRDA:50,43,0,8
BRDA:50,44,0,6
BRDA:50,45,0,2
BRDA:50,46,0,8
BRDA:50,47,0,3
BRDA:50,48,0,2
BRDA:50,49,0,1
BRDA:50,50,0,0
BRDA:50,51,0,2
BRDA:50,52,0,0
BRDA:15,53,0,1
BRDA:16,54,0,3
BRDA:24,55,0,3
BRDA:50,56,0,3
BRDA:50,57,0,8
BRDA:28,58,0,3
BRDA:50,59,0,3
BRDA:30,60,0,1
BRDA:32,61,0,2
BRDA:50,62,0,2
BRDA:38,63,0,1
BRF:64
BRH:44
end_of_record
TN:
SF:src\modules\users\services\CreateUserServer.ts
FN:43,__decorate
FN:43,__metadata
FN:43,__param
FN:43,__awaiter
FN:43,adopt
FN:43,fulfilled
FN:43,rejected
FN:43,step
FN:43,__generator
FN:43,sent
FN:43,g.<computed>
FN:43,verb
FN:43,step
FN:43,__importDefault
FN:16,CreateUserService
FN:24,CreateUserService.execute
FNF:16
FNH:14
FNDA:2,__decorate
FNDA:2,__metadata
FNDA:4,__param
FNDA:5,__awaiter
FNDA:13,adopt
FNDA:13,fulfilled
FNDA:0,rejected
FNDA:17,step
FNDA:5,__generator
FNDA:13,sent
FNDA:0,g.<computed>
FNDA:15,verb
FNDA:18,step
FNDA:2,__importDefault
FNDA:5,CreateUserService
FNDA:5,CreateUserService.execute
DA:1,1
DA:2,1
DA:3,1
DA:4,1
DA:5,1
DA:6,1
DA:7,1
DA:8,1
DA:9,1
DA:10,1
DA:11,1
DA:12,1
DA:13,1
DA:14,1
DA:15,2
DA:16,2
DA:17,5
DA:18,5
DA:19,5
DA:20,5
DA:21,5
DA:22,5
DA:23,2
DA:24,2
DA:25,5
DA:26,5
DA:27,5
DA:28,1
DA:29,1
DA:30,4
DA:31,4
DA:32,5
DA:33,5
DA:34,5
DA:35,5
DA:36,5
DA:37,5
DA:38,5
DA:39,5
DA:40,5
DA:41,2
DA:42,1
DA:43,1
LF:43
LH:43
BRDA:43,0,0,2
BRDA:43,1,0,2
BRDA:43,2,0,0
BRDA:43,3,0,0
BRDA:43,4,0,0
BRDA:43,5,0,0
BRDA:43,6,0,2
BRDA:43,7,0,4
BRDA:43,8,0,4
BRDA:43,9,0,5
BRDA:43,10,0,13
BRDA:43,11,0,0
BRDA:43,12,0,5
BRDA:43,13,0,13
BRDA:43,14,0,12
BRDA:43,15,0,1
BRDA:43,16,0,17
BRDA:43,17,0,4
BRDA:43,18,0,13
BRDA:43,19,0,5
BRDA:43,20,0,13
BRDA:43,21,0,0
BRDA:43,22,0,15
BRDA:43,23,0,18
BRDA:43,24,0,18
BRDA:43,25,0,0
BRDA:43,26,0,36
BRDA:43,27,0,0
BRDA:43,28,0,0
BRDA:43,29,0,0
BRDA:43,30,0,0
BRDA:43,31,0,18
BRDA:43,32,0,18
BRDA:43,33,0,13
BRDA:43,34,0,0
BRDA:43,35,0,0
BRDA:43,36,0,5
BRDA:43,37,0,0
BRDA:43,38,0,4
BRDA:43,39,0,0
BRDA:43,40,0,0
BRDA:43,41,0,0
BRDA:43,42,0,0
BRDA:43,43,0,28
BRDA:43,44,0,18
BRDA:43,45,0,17
BRDA:43,46,0,1
BRDA:43,47,0,18
BRDA:43,48,0,5
BRDA:43,49,0,1
BRDA:43,50,0,4
BRDA:43,51,0,0
BRDA:43,52,0,2
BRDA:43,53,0,0
BRDA:15,54,0,2
BRDA:16,55,0,5
BRDA:24,56,0,5
BRDA:43,57,0,5
BRDA:43,58,0,18
BRDA:25,59,0,5
BRDA:43,60,0,5
BRDA:27,61,0,1
BRDA:29,62,0,4
BRDA:43,63,0,4
BRDA:43,64,0,4
BRF:65
BRH:45
end_of_record
TN:
SF:src\modules\users\services\ResetPasswordService.ts
FN:51,__decorate
FN:51,__metadata
FN:51,__param
FN:51,__awaiter
FN:51,adopt
FN:51,fulfilled
FN:51,rejected
FN:51,step
FN:51,__generator
FN:51,sent
FN:51,g.<computed>
FN:51,verb
FN:51,step
FN:51,__importDefault
FN:16,ResetPasswordService
FN:27,ResetPasswordService.execute
FNF:16
FNH:14
FNDA:1,__decorate
FNDA:1,__metadata
FNDA:3,__param
FNDA:4,__awaiter
FNDA:9,adopt
FNDA:9,fulfilled
FNDA:0,rejected
FNDA:10,step
FNDA:4,__generator
FNDA:9,sent
FNDA:0,g.<computed>
FNDA:12,verb
FNDA:13,step
FNDA:1,__importDefault
FNDA:4,ResetPasswordService
FNDA:4,ResetPasswordService.execute
DA:1,1
DA:2,1
DA:3,1
DA:4,1
DA:5,1
DA:6,1
DA:7,1
DA:8,1
DA:9,1
DA:10,1
DA:11,1
DA:12,1
DA:13,1
DA:14,1
DA:15,1
DA:16,1
DA:17,4
DA:18,4
DA:19,4
DA:20,4
DA:21,4
DA:22,4
DA:23,4
DA:24,4
DA:25,4
DA:26,1
DA:27,1
DA:28,4
DA:29,4
DA:30,1
DA:31,1
DA:32,3
DA:33,3
DA:34,4
DA:35,4
DA:36,1
DA:37,1
DA:38,2
DA:39,2
DA:40,2
DA:41,2
DA:42,4
DA:43,1
DA:44,1
DA:45,1
DA:46,1
DA:47,4
DA:48,4
DA:49,1
DA:50,1
DA:51,1
LF:51
LH:51
BRDA:51,0,0,1
BRDA:51,1,0,1
BRDA:51,2,0,0
BRDA:51,3,0,0
BRDA:51,4,0,0
BRDA:51,5,0,0
BRDA:51,6,0,1
BRDA:51,7,0,3
BRDA:51,8,0,3
BRDA:51,9,0,4
BRDA:51,10,0,9
BRDA:51,11,0,0
BRDA:51,12,0,4
BRDA:51,13,0,9
BRDA:51,14,0,6
BRDA:51,15,0,3
BRDA:51,16,0,10
BRDA:51,17,0,1
BRDA:51,18,0,9
BRDA:51,19,0,4
BRDA:51,20,0,9
BRDA:51,21,0,0
BRDA:51,22,0,12
BRDA:51,23,0,13
BRDA:51,24,0,13
BRDA:51,25,0,0
BRDA:51,26,0,26
BRDA:51,27,0,0
BRDA:51,28,0,0
BRDA:51,29,0,0
BRDA:51,30,0,0
BRDA:51,31,0,13
BRDA:51,32,0,13
BRDA:51,33,0,9
BRDA:51,34,0,0
BRDA:51,35,0,0
BRDA:51,36,0,4
BRDA:51,37,0,0
BRDA:51,38,0,1
BRDA:51,39,0,0
BRDA:51,40,0,0
BRDA:51,41,0,0
BRDA:51,42,0,0
BRDA:51,43,0,13
BRDA:51,44,0,10
BRDA:51,45,0,3
BRDA:51,46,0,13
BRDA:51,47,0,4
BRDA:51,48,0,3
BRDA:51,49,0,1
BRDA:51,50,0,0
BRDA:51,51,0,1
BRDA:51,52,0,0
BRDA:15,53,0,1
BRDA:16,54,0,4
BRDA:27,55,0,4
BRDA:51,56,0,4
BRDA:51,57,0,13
BRDA:28,58,0,4
BRDA:51,59,0,4
BRDA:29,60,0,1
BRDA:31,61,0,3
BRDA:51,62,0,3
BRDA:35,63,0,1
BRDA:37,64,0,2
BRDA:42,65,0,1
BRDA:51,66,0,1
BRDA:51,67,0,1
BRF:68
BRH:48
end_of_record
TN:
SF:src\modules\users\services\SendForgotPasswordEmailService.ts
FN:56,__decorate
FN:56,__metadata
FN:56,__param
FN:56,__awaiter
FN:56,adopt
FN:56,fulfilled
FN:56,rejected
FN:56,step
FN:56,__generator
FN:56,sent
FN:56,g.<computed>
FN:56,verb
FN:56,step
FN:56,__importDefault
FN:15,SendForgotPasswordEmailService
FN:26,SendForgotPasswordEmailService.execute
FNF:16
FNH:14
FNDA:1,__decorate
FNDA:1,__metadata
FNDA:3,__param
FNDA:3,__awaiter
FNDA:7,adopt
FNDA:7,fulfilled
FNDA:0,rejected
FNDA:9,step
FNDA:3,__generator
FNDA:7,sent
FNDA:0,g.<computed>
FNDA:9,verb
FNDA:10,step
FNDA:2,__importDefault
FNDA:3,SendForgotPasswordEmailService
FNDA:3,SendForgotPasswordEmailService.execute
DA:1,1
DA:2,1
DA:3,1
DA:4,1
DA:5,1
DA:6,1
DA:7,1
DA:8,1
DA:9,1
DA:10,1
DA:11,1
DA:12,1
DA:13,1
DA:14,1
DA:15,1
DA:16,3
DA:17,3
DA:18,3
DA:19,3
DA:20,3
DA:21,3
DA:22,3
DA:23,3
DA:24,3
DA:25,1
DA:26,1
DA:27,3
DA:28,3
DA:29,1
DA:30,1
DA:31,2
DA:32,2
DA:33,3
DA:34,3
DA:35,3
DA:36,3
DA:37,3
DA:38,3
DA:39,3
DA:40,3
DA:41,3
DA:42,3
DA:43,3
DA:44,3
DA:45,3
DA:46,3
DA:47,3
DA:48,3
DA:49,3
DA:50,3
DA:51,3
DA:52,3
DA:53,3
DA:54,1
DA:55,1
DA:56,1
LF:56
LH:56
BRDA:56,0,0,1
BRDA:56,1,0,1
BRDA:56,2,0,0
BRDA:56,3,0,0
BRDA:56,4,0,0
BRDA:56,5,0,0
BRDA:56,6,0,1
BRDA:56,7,0,3
BRDA:56,8,0,3
BRDA:56,9,0,3
BRDA:56,10,0,7
BRDA:56,11,0,0
BRDA:56,12,0,3
BRDA:56,13,0,7
BRDA:56,14,0,6
BRDA:56,15,0,1
BRDA:56,16,0,9
BRDA:56,17,0,2
BRDA:56,18,0,7
BRDA:56,19,0,3
BRDA:56,20,0,7
BRDA:56,21,0,0
BRDA:56,22,0,9
BRDA:56,23,0,10
BRDA:56,24,0,10
BRDA:56,25,0,0
BRDA:56,26,0,20
BRDA:56,27,0,0
BRDA:56,28,0,0
BRDA:56,29,0,0
BRDA:56,30,0,0
BRDA:56,31,0,10
BRDA:56,32,0,10
BRDA:56,33,0,7
BRDA:56,34,0,0
BRDA:56,35,0,0
BRDA:56,36,0,3
BRDA:56,37,0,0
BRDA:56,38,0,2
BRDA:56,39,0,0
BRDA:56,40,0,0
BRDA:56,41,0,0
BRDA:56,42,0,0
BRDA:56,43,0,10
BRDA:56,44,0,9
BRDA:56,45,0,1
BRDA:56,46,0,10
BRDA:56,47,0,3
BRDA:56,48,0,1
BRDA:56,49,0,2
BRDA:56,50,0,0
BRDA:56,51,0,2
BRDA:56,52,0,1
BRDA:56,53,0,1
BRDA:14,54,0,1
BRDA:15,55,0,3
BRDA:26,56,0,3
BRDA:56,57,0,3
BRDA:56,58,0,10
BRDA:27,59,0,3
BRDA:56,60,0,3
BRDA:28,61,0,1
BRDA:30,62,0,2
BRDA:56,63,0,2
BRDA:56,64,0,2
BRF:65
BRH:46
end_of_record
TN:
SF:src\modules\users\services\ShowProfileService.ts
FN:28,__decorate
FN:28,__metadata
FN:28,__param
FN:28,__awaiter
FN:28,adopt
FN:28,fulfilled
FN:28,rejected
FN:28,step
FN:28,__generator
FN:28,sent
FN:28,g.<computed>
FN:28,verb
FN:28,step
FN:28,__importDefault
FN:13,ShowProfileService
FN:18,ShowProfileService.execute
FNF:16
FNH:14
FNDA:1,__decorate
FNDA:1,__metadata
FNDA:1,__param
FNDA:2,__awaiter
FNDA:2,adopt
FNDA:2,fulfilled
FNDA:0,rejected
FNDA:3,step
FNDA:2,__generator
FNDA:2,sent
FNDA:0,g.<computed>
FNDA:6,verb
FNDA:4,step
FNDA:1,__importDefault
FNDA:2,ShowProfileService
FNDA:2,ShowProfileService.execute
DA:1,1
DA:2,1
DA:3,1
DA:4,1
DA:5,1
DA:6,1
DA:7,1
DA:8,1
DA:9,1
DA:10,1
DA:11,1
DA:12,1
DA:13,1
DA:14,2
DA:15,2
DA:16,2
DA:17,1
DA:18,1
DA:19,2
DA:20,2
DA:21,1
DA:22,1
DA:23,1
DA:24,1
DA:25,2
DA:26,1
DA:27,1
DA:28,1
LF:28
LH:28
BRDA:28,0,0,1
BRDA:28,1,0,1
BRDA:28,2,0,0
BRDA:28,3,0,0
BRDA:28,4,0,0
BRDA:28,5,0,0
BRDA:28,6,0,1
BRDA:28,7,0,1
BRDA:28,8,0,1
BRDA:28,9,0,2
BRDA:28,10,0,2
BRDA:28,11,0,0
BRDA:28,12,0,2
BRDA:28,13,0,2
BRDA:28,14,0,1
BRDA:28,15,0,3
BRDA:28,16,0,1
BRDA:28,17,0,2
BRDA:28,18,0,2
BRDA:28,19,0,2
BRDA:28,20,0,0
BRDA:28,21,0,6
BRDA:28,22,0,4
BRDA:28,23,0,4
BRDA:28,24,0,0
BRDA:28,25,0,8
BRDA:28,26,0,0
BRDA:28,27,0,0
BRDA:28,28,0,0
BRDA:28,29,0,0
BRDA:28,30,0,4
BRDA:28,31,0,4
BRDA:28,32,0,2
BRDA:28,33,0,0
BRDA:28,34,0,0
BRDA:28,35,0,2
BRDA:28,36,0,0
BRDA:28,37,0,1
BRDA:28,38,0,0
BRDA:28,39,0,0
BRDA:28,40,0,0
BRDA:28,41,0,0
BRDA:28,42,0,4
BRDA:28,43,0,3
BRDA:28,44,0,1
BRDA:28,45,0,4
BRDA:28,46,0,2
BRDA:28,47,0,1
BRDA:28,48,0,0
BRDA:28,49,0,1
BRDA:28,50,0,0
BRDA:12,51,0,1
BRDA:13,52,0,2
BRDA:18,53,0,2
BRDA:28,54,0,2
BRDA:28,55,0,4
BRDA:19,56,0,2
BRDA:28,57,0,2
BRDA:20,58,0,1
BRF:59
BRH:39
end_of_record
TN:
SF:src\modules\users\services\UpdateProfileService.ts
FN:64,__decorate
FN:64,__metadata
FN:64,__param
FN:64,__awaiter
FN:64,adopt
FN:64,fulfilled
FN:64,rejected
FN:64,step
FN:64,__generator
FN:64,sent
FN:64,g.<computed>
FN:64,verb
FN:64,step
FN:64,__importDefault
FN:18,UpdateUserProfileService
FN:26,UpdateUserProfileService.execute
FNF:16
FNH:14
FNDA:1,__decorate
FNDA:1,__metadata
FNDA:2,__param
FNDA:6,__awaiter
FNDA:14,adopt
FNDA:14,fulfilled
FNDA:0,rejected
FNDA:16,step
FNDA:6,__generator
FNDA:14,sent
FNDA:0,g.<computed>
FNDA:18,verb
FNDA:20,step
FNDA:1,__importDefault
FNDA:6,UpdateUserProfileService
FNDA:6,UpdateUserProfileService.execute
DA:1,1
DA:2,1
DA:3,1
DA:4,1
DA:5,1
DA:6,1
DA:7,1
DA:8,1
DA:9,1
DA:10,1
DA:11,1
DA:12,1
DA:13,1
DA:14,1
DA:15,1
DA:16,1
DA:17,1
DA:18,1
DA:19,6
DA:20,6
DA:21,6
DA:22,6
DA:23,6
DA:24,6
DA:25,1
DA:26,1
DA:27,6
DA:28,6
DA:29,6
DA:30,6
DA:31,6
DA:32,6
DA:33,6
DA:34,6
DA:35,1
DA:36,1
DA:37,5
DA:38,5
DA:39,6
DA:40,1
DA:41,1
DA:42,4
DA:43,4
DA:44,4
DA:45,6
DA:46,1
DA:47,1
DA:48,3
DA:49,6
DA:50,2
DA:51,2
DA:52,2
DA:53,2
DA:54,6
DA:55,6
DA:56,1
DA:57,1
DA:58,1
DA:59,6
DA:60,6
DA:61,6
DA:62,1
DA:63,1
DA:64,1
LF:64
LH:64
BRDA:64,0,0,1
BRDA:64,1,0,1
BRDA:64,2,0,0
BRDA:64,3,0,0
BRDA:64,4,0,0
BRDA:64,5,0,0
BRDA:64,6,0,1
BRDA:64,7,0,2
BRDA:64,8,0,2
BRDA:64,9,0,6
BRDA:64,10,0,14
BRDA:64,11,0,0
BRDA:64,12,0,6
BRDA:64,13,0,14
BRDA:64,14,0,10
BRDA:64,15,0,4
BRDA:64,16,0,16
BRDA:64,17,0,2
BRDA:64,18,0,14
BRDA:64,19,0,6
BRDA:64,20,0,14
BRDA:64,21,0,0
BRDA:64,22,0,18
BRDA:64,23,0,20
BRDA:64,24,0,20
BRDA:64,25,0,0
BRDA:64,26,0,41
BRDA:64,27,0,0
BRDA:64,28,0,0
BRDA:64,29,0,0
BRDA:64,30,0,0
BRDA:64,31,0,20
BRDA:64,32,0,20
BRDA:64,33,0,14
BRDA:64,34,0,0
BRDA:64,35,0,0
BRDA:64,36,0,7
BRDA:64,37,0,0
BRDA:64,38,0,3
BRDA:64,39,0,6
BRDA:64,40,0,1
BRDA:64,41,0,0
BRDA:64,42,0,1
BRDA:64,43,0,0
BRDA:64,44,0,0
BRDA:64,45,0,0
BRDA:64,46,0,21
BRDA:64,47,0,17
BRDA:64,48,0,4
BRDA:64,49,0,21
BRDA:64,50,0,6
BRDA:64,51,0,4
BRDA:64,52,0,2
BRDA:64,53,0,0
BRDA:64,54,0,1
BRDA:64,55,0,0
BRDA:17,56,0,1
BRDA:18,57,0,6
BRDA:26,58,0,6
BRDA:64,59,0,6
BRDA:64,60,0,21
BRDA:33,61,0,6
BRDA:64,62,0,6
BRDA:34,63,0,1
BRDA:36,64,0,5
BRDA:64,65,0,5
BRDA:39,66,0,4
BRDA:39,67,0,1
BRDA:41,68,0,4
BRDA:45,69,0,3
BRDA:45,70,0,1
BRDA:47,71,0,3
BRDA:49,72,0,2
BRDA:49,73,0,1
BRDA:49,74,0,2
BRDA:64,75,0,2
BRDA:55,76,0,1
BRDA:64,77,0,1
BRDA:60,78,0,2
BRF:79
BRH:59
end_of_record
TN:
SF:src\modules\users\services\UpdateUserAvatarService.ts
FN:41,__decorate
FN:41,__metadata
FN:41,__param
FN:41,__awaiter
FN:41,adopt
FN:41,fulfilled
FN:41,rejected
FN:41,step
FN:41,__generator
FN:41,sent
FN:41,g.<computed>
FN:41,verb
FN:41,step
FN:41,__importDefault
FN:15,UpdateUserAvatarService
FN:23,UpdateUserAvatarService.execute
FNF:16
FNH:14
FNDA:1,__decorate
FNDA:1,__metadata
FNDA:2,__param
FNDA:4,__awaiter
FNDA:11,adopt
FNDA:11,fulfilled
FNDA:0,rejected
FNDA:14,step
FNDA:4,__generator
FNDA:11,sent
FNDA:0,g.<computed>
FNDA:12,verb
FNDA:15,step
FNDA:1,__importDefault
FNDA:3,UpdateUserAvatarService
FNDA:4,UpdateUserAvatarService.execute
DA:1,1
DA:2,1
DA:3,1
DA:4,1
DA:5,1
DA:6,1
DA:7,1
DA:8,1
DA:9,1
DA:10,1
DA:11,1
DA:12,1
DA:13,1
DA:14,1
DA:15,1
DA:16,3
DA:17,3
DA:18,3
DA:19,3
DA:20,3
DA:21,3
DA:22,1
DA:23,1
DA:24,4
DA:25,4
DA:26,1
DA:27,1
DA:28,3
DA:29,4
DA:30,1
DA:31,4
DA:32,4
DA:33,4
DA:34,4
DA:35,4
DA:36,4
DA:37,4
DA:38,4
DA:39,1
DA:40,1
DA:41,1
LF:41
LH:41
BRDA:41,0,0,1
BRDA:41,1,0,1
BRDA:41,2,0,0
BRDA:41,3,0,0
BRDA:41,4,0,0
BRDA:41,5,0,0
BRDA:41,6,0,1
BRDA:41,7,0,2
BRDA:41,8,0,2
BRDA:41,9,0,4
BRDA:41,10,0,11
BRDA:41,11,0,0
BRDA:41,12,0,4
BRDA:41,13,0,11
BRDA:41,14,0,10
BRDA:41,15,0,1
BRDA:41,16,0,14
BRDA:41,17,0,3
BRDA:41,18,0,11
BRDA:41,19,0,4
BRDA:41,20,0,11
BRDA:41,21,0,0
BRDA:41,22,0,12
BRDA:41,23,0,15
BRDA:41,24,0,15
BRDA:41,25,0,0
BRDA:41,26,0,32
BRDA:41,27,0,0
BRDA:41,28,0,0
BRDA:41,29,0,0
BRDA:41,30,0,0
BRDA:41,31,0,15
BRDA:41,32,0,15
BRDA:41,33,0,11
BRDA:41,34,0,0
BRDA:41,35,0,0
BRDA:41,36,0,6
BRDA:41,37,0,0
BRDA:41,38,0,5
BRDA:41,39,0,4
BRDA:41,40,0,2
BRDA:41,41,0,0
BRDA:41,42,0,2
BRDA:41,43,0,0
BRDA:41,44,0,0
BRDA:41,45,0,0
BRDA:41,46,0,17
BRDA:41,47,0,16
BRDA:41,48,0,1
BRDA:41,49,0,17
BRDA:41,50,0,4
BRDA:41,51,0,1
BRDA:41,52,0,3
BRDA:41,53,0,0
BRDA:41,54,0,1
BRDA:41,55,0,0
BRDA:14,56,0,1
BRDA:15,57,0,3
BRDA:23,58,0,4
BRDA:41,59,0,4
BRDA:41,60,0,17
BRDA:24,61,0,4
BRDA:41,62,0,4
BRDA:25,63,0,1
BRDA:27,64,0,3
BRDA:29,65,0,0
BRDA:29,66,0,3
BRDA:29,67,0,2
BRDA:29,68,0,1
BRDA:41,69,0,1
BRDA:33,70,0,3
BRDA:41,71,0,3
BRDA:41,72,0,3
BRF:73
BRH:52
end_of_record
